2018-06-05 17:15:22,576-user_id:1-DEBUG-收到 2 转账 10000
2018-06-05 17:28:13,463-user_id:1-DEBUG-{'电脑': [1999, 1]}
2018-06-05 17:28:49,882-user_id:1-DEBUG-取款: 100  余额：7896.0
2018-06-05 17:42:43,774-user_id:1-DEBUG-取款: 100  余额：7791.0
2018-06-05 18:21:54,509-user_id:1-DEBUG-转账：100 对方ID:2
2018-06-05 18:31:19,968-user_id:1-DEBUG-收到 3 转账 1000000
2018-06-05 18:41:55,934-user_id:1-DEBUG-{'鼠标': [10, 1], '游艇': [200000, 1], '美女': [998, 1]}
2018-06-05 18:42:09,632-user_id:1-DEBUG-取款: 90000  余额：512163.0
2018-06-05 18:42:09,632-user_id:1-DEBUG-取款: 90000  余额：512163.0
2018-06-05 18:42:28,505-user_id:1-DEBUG-转账：1000 对方ID:5
2018-06-05 18:42:28,505-user_id:1-DEBUG-转账：1000 对方ID:5
2018-06-05 18:42:28,505-user_id:1-DEBUG-转账：1000 对方ID:5
2018-06-05 19:11:54,346-user_id:1-DEBUG-{'游艇': [200000, 1]}
2018-06-05 19:12:13,024-user_id:1-DEBUG-取款: 900000  余额：-633837.0
2018-06-05 19:12:13,024-user_id:1-DEBUG-取款: 900000  余额：-633837.0
2018-06-05 19:12:35,966-user_id:1-DEBUG-转账：10000 对方ID:3
2018-06-05 19:12:35,966-user_id:1-DEBUG-转账：10000 对方ID:3
2018-06-05 19:12:35,966-user_id:1-DEBUG-转账：10000 对方ID:3
2018-06-05 19:12:48,525-user_id:1-DEBUG-还款：10000  余额：-633837.0
2018-06-05 19:12:48,525-user_id:1-DEBUG-还款：10000  余额：-633837.0
2018-06-05 19:12:48,525-user_id:1-DEBUG-还款：10000  余额：-633837.0
2018-06-05 19:12:48,525-user_id:1-DEBUG-还款：10000  余额：-633837.0
2018-06-05 19:40:55,041-user_id:1-DEBUG-取款: 10000  余额：-644337.0
2018-06-05 19:41:13,668-user_id:1-DEBUG-转账：10000 对方ID:2
2018-06-05 19:41:13,668-user_id:1-DEBUG-转账：10000 对方ID:2
2018-06-05 19:41:27,625-user_id:1-DEBUG-还款：50000  余额：-604337.0
2018-06-05 19:41:27,625-user_id:1-DEBUG-还款：50000  余额：-604337.0
2018-06-05 19:41:27,625-user_id:1-DEBUG-还款：50000  余额：-604337.0
2018-06-05 19:48:18,839-user_id:1-DEBUG-收到 3 转账 100000
2018-06-05 20:31:44,631-user_id:1-DEBUG-收到 3 转账 10000
2018-06-06 00:31:04,479-user_id:1-DEBUG-收到 3 转账 1000
