2018-06-05 10:43:39,257-user_id:3-DEBUG-{'游艇': [200000, 1], '美女': [998, 1]}
2018-06-05 10:45:30,121-user_id:3-DEBUG-{'鼠标': [10, 1], '电脑': [1999, 1], '游艇': [200000, 1]}
2018-06-05 17:08:20,289-user_id:3-DEBUG-('收到', '2', '转账', '100')
2018-06-05 17:23:13,169-user_id:3-DEBUG-还款：8000000
2018-06-05 17:39:19,398-user_id:3-DEBUG-收到 2 转账 100
2018-06-05 18:27:49,266-user_id:3-DEBUG-{'鼠标': [10, 1], '美女': [998, 1], '电脑': [1999, 1]}
2018-06-05 18:28:56,238-user_id:3-DEBUG-{'鼠标': [10, 1]}
2018-06-05 18:29:38,555-user_id:3-DEBUG-{'游艇': [200000, 1]}
2018-06-05 18:29:53,326-user_id:3-DEBUG-取款: 100000  余额：7691065.0
2018-06-05 18:29:53,326-user_id:3-DEBUG-取款: 100000  余额：7691065.0
2018-06-05 18:31:19,966-user_id:3-DEBUG-转账：1000000 对方ID:1
2018-06-05 18:31:19,966-user_id:3-DEBUG-转账：1000000 对方ID:1
2018-06-05 18:31:19,966-user_id:3-DEBUG-转账：1000000 对方ID:1
2018-06-05 18:33:23,457-user_id:3-DEBUG-收到 2 转账 100
2018-06-05 19:12:35,967-user_id:3-DEBUG-收到 1 转账 10000
2018-06-05 19:48:00,998-user_id:3-DEBUG-取款: 100000  余额：6596165.0
2018-06-05 19:48:18,838-user_id:3-DEBUG-转账：100000 对方ID:1
2018-06-05 19:48:18,838-user_id:3-DEBUG-转账：100000 对方ID:1
2018-06-05 20:31:10,241-user_id:3-DEBUG-{'电脑': [1999, 1], '游艇': [200000, 1]}
2018-06-05 20:31:24,796-user_id:3-DEBUG-取款: 10000  余额：6281667.0
2018-06-05 20:31:44,631-user_id:3-DEBUG-转账：10000 对方ID:1
2018-06-06 00:30:37,240-user_id:3-DEBUG-{'电脑': [1999, 1]}
2018-06-06 00:31:04,478-user_id:3-DEBUG-转账：1000 对方ID:1
